- Nikto v2.1.6
---------------------------------------------------------------------------
+ Target IP:          10.10.236.36
+ Target Hostname:    10.10.236.36
+ Target Port:        80
+ Start Time:         2021-06-12 14:41:04 (GMT5.5)
---------------------------------------------------------------------------
+ Server: Apache/2.4.18 (Ubuntu)
+ The anti-clickjacking X-Frame-Options header is not present.
+ The X-XSS-Protection header is not defined. This header can hint to the user agent to protect against some forms of XSS
+ The X-Content-Type-Options header is not set. This could allow the user agent to render the content of the site in a different fashion to the MIME type
+ No CGI Directories found (use '-C all' to force check all possible dirs)
+ OSVDB-630: The web server may reveal its internal or real IP in the Location header via a request to /images over HTTP/1.0. The value is "127.0.0.1".
+ Server may leak inodes via ETags, header found with file /, inode: 6d8, size: 5c12263bf2f72, mtime: gzip
+ Apache/2.4.18 appears to be outdated (current is at least Apache/2.4.37). Apache 2.2.34 is the EOL for the 2.x branch.
+ Allowed HTTP Methods: GET, HEAD, POST, OPTIONS 
+ OSVDB-3268: /images/: Directory indexing found.
+ OSVDB-3233: /icons/README: Apache default file found.
+ 7889 requests: 0 error(s) and 9 item(s) reported on remote host
+ End Time:           2021-06-12 15:04:14 (GMT5.5) (1390 seconds)
---------------------------------------------------------------------------
+ 1 host(s) tested
